<?xml version="1.0" encoding="utf-8"?><testsuites name="pytest tests"><testsuite name="pytest" errors="0" failures="0" skipped="0" tests="7" time="1.414" timestamp="2026-03-08T20:05:56.708877+00:00" hostname="agent-env-ef77a520-e9ac-40b3-922a-9cd704dcd510"><testcase classname="backend.tests.test_api.TestApiRoot" name="test_api_root" time="0.246" /><testcase classname="backend.tests.test_api.TestWaitlist" name="test_create_waitlist_entry" time="0.117" /><testcase classname="backend.tests.test_api.TestWaitlist" name="test_waitlist_count" time="0.149" /><testcase classname="backend.tests.test_api.TestWaitlist" name="test_waitlist_missing_fields" time="0.101" /><testcase classname="backend.tests.test_api.TestShooterApply" name="test_create_shooter_application" time="0.150" /><testcase classname="backend.tests.test_api.TestShooterApply" name="test_shooter_apply_missing_fields" time="0.144" /><testcase classname="backend.tests.test_api.TestShooterApply" name="test_shooter_apply_all_experience_values" time="0.442" /></testsuite></testsuites>