<?xml version="1.0" encoding="utf-8"?><testsuites name="pytest tests"><testsuite name="pytest" errors="0" failures="0" skipped="0" tests="9" time="3.166" timestamp="2026-03-08T21:18:01.203943+00:00" hostname="agent-env-ef77a520-e9ac-40b3-922a-9cd704dcd510"><testcase classname="backend.tests.test_api.TestApiRoot" name="test_api_root" time="0.154" /><testcase classname="backend.tests.test_api.TestWaitlist" name="test_create_waitlist_entry" time="0.154" /><testcase classname="backend.tests.test_api.TestWaitlist" name="test_waitlist_count" time="1.190" /><testcase classname="backend.tests.test_api.TestWaitlist" name="test_waitlist_missing_fields" time="0.127" /><testcase classname="backend.tests.test_api.TestShooterApply" name="test_create_shooter_application_with_new_fields" time="0.132" /><testcase classname="backend.tests.test_api.TestShooterApply" name="test_shooter_apply_missing_new_fields" time="0.116" /><testcase classname="backend.tests.test_api.TestShooterApply" name="test_shooter_apply_all_device_types" time="0.597" /><testcase classname="backend.tests.test_api.TestShooterApply" name="test_shooter_apply_all_experience_values" time="0.507" /><testcase classname="backend.tests.test_api.TestShooterApply" name="test_timestamp_est_timezone" time="0.114" /></testsuite></testsuites>